#
# There is insufficient memory for the Java Runtime Environment to continue.
# Native memory allocation (malloc) failed to allocate 1048576 bytes for AllocateHeap
# Possible reasons:
#   The system is out of physical RAM or swap space
#   The process is running with CompressedOops enabled, and the Java Heap may be blocking the growth of the native heap
# Possible solutions:
#   Reduce memory load on the system
#   Increase physical memory or swap space
#   Check if swap backing store is full
#   Decrease Java heap size (-Xmx/-Xms)
#   Decrease number of Java threads
#   Decrease Java thread stack sizes (-Xss)
#   Set larger code cache with -XX:ReservedCodeCacheSize=
#   JVM is running with Unscaled Compressed Oops mode in which the Java heap is
#     placed in the first 4GB address space. The Java Heap base address is the
#     maximum limit for the native heap growth. Please use -XX:HeapBaseMinAddress
#     to set the Java Heap base and to place the Java Heap above 4GB virtual address.
# This output file may be truncated or incomplete.
#
#  Out of Memory Error (memory/allocation.inline.hpp:61), pid=8616, tid=0x000000000000059c
#
# JRE version:  (8.0_291-b10) (build )
# Java VM: Java HotSpot(TM) 64-Bit Server VM (25.291-b10 mixed mode windows-amd64 compressed oops)
# Failed to write core dump. Minidumps are not enabled by default on client versions of Windows
#

---------------  T H R E A D  ---------------

Current thread (0x000001fd2893b000):  JavaThread "Unknown thread" [_thread_in_vm, id=1436, stack(0x0000000100600000,0x0000000100700000)]

Stack: [0x0000000100600000,0x0000000100700000]
Native frames: (J=compiled Java code, j=interpreted, Vv=VM code, C=native code)
V  [jvm.dll+0x32ea19]
V  [jvm.dll+0x275462]
V  [jvm.dll+0x27610d]
V  [jvm.dll+0x26cb45]
V  [jvm.dll+0x509d]
V  [jvm.dll+0x3c9b4c]
V  [jvm.dll+0x3c5ec7]
V  [jvm.dll+0xfcaff]
V  [jvm.dll+0x209dfb]
V  [jvm.dll+0x238827]
V  [jvm.dll+0x1625b6]
C  [java.exe+0x2312]
C  [java.exe+0x15f54]
C  [KERNEL32.DLL+0x17034]
C  [ntdll.dll+0x52651]


---------------  P R O C E S S  ---------------

Java Threads: ( => current thread )

Other Threads:

=>0x000001fd2893b000 (exited) JavaThread "Unknown thread" [_thread_in_vm, id=1436, stack(0x0000000100600000,0x0000000100700000)]

VM state:not at safepoint (normal execution)

VM Mutex/Monitor currently owned by a thread: None

heap address: 0x0000000081c00000, size: 2020 MB, Compressed Oops mode: 32-bit
Narrow klass base: 0x000001fd3e0b0000, Narrow klass shift: 0
Compressed class space size: 1073741824 Address: 0x000001fd3e0b0000

Heap:
 PSYoungGen      total 38400K, used 665K [0x00000000d5f00000, 0x00000000d8980000, 0x0000000100000000)
  eden space 33280K, 2% used [0x00000000d5f00000,0x00000000d5fa6670,0x00000000d7f80000)
  from space 5120K, 0% used [0x00000000d8480000,0x00000000d8480000,0x00000000d8980000)
  to   space 5120K, 0% used [0x00000000d7f80000,0x00000000d7f80000,0x00000000d8480000)
 ParOldGen       total 87552K, used 0K [0x0000000081c00000, 0x0000000087180000, 0x00000000d5f00000)
  object space 87552K, 0% used [0x0000000081c00000,0x0000000081c00000,0x0000000087180000)
 Metaspace       used 778K, capacity 4480K, committed 4480K, reserved 1056768K
  class space    used 76K, capacity 384K, committed 384K, reserved 1048576K

Card table byte_map: [0x000001fd396e0000,0x000001fd39ae0000] byte_map_base: 0x000001fd392d2000

Marking Bits: (ParMarkBitMap*) 0x00000000590b7fe0
 Begin Bits: [0x000001fd39d90000, 0x000001fd3bd20000)
 End Bits:   [0x000001fd3bd20000, 0x000001fd3dcb0000)

Polling page: 0x000001fd288b0000

CodeCache: size=245760Kb used=329Kb max_used=329Kb free=245431Kb
 bounds [0x000001fd2a320000, 0x000001fd2a590000, 0x000001fd39320000]
 total_blobs=58 nmethods=0 adapters=38
 compilation: enabled

Compilation events (0 events):
No events

GC Heap History (0 events):
No events

Deoptimization events (0 events):
No events

Classes redefined (0 events):
No events

Internal exceptions (0 events):
No events

Events (10 events):
Event: 0.019 loading class java/lang/Short
Event: 0.019 loading class java/lang/Short done
Event: 0.019 loading class java/lang/Integer
Event: 0.020 loading class java/lang/Integer done
Event: 0.020 loading class java/lang/Long
Event: 0.020 loading class java/lang/Long done
Event: 0.020 loading class java/lang/NullPointerException
Event: 0.020 loading class java/lang/NullPointerException done
Event: 0.020 loading class java/lang/ArithmeticException
Event: 0.020 loading class java/lang/ArithmeticException done


Dynamic libraries:
0x00007ff7e1dd0000 - 0x00007ff7e1e17000 	D:\Program Files\Java\jdk1.8.0_291\bin\java.exe
0x00007ffdf1170000 - 0x00007ffdf1365000 	C:\WINDOWS\SYSTEM32\ntdll.dll
0x00007ffdf0cc0000 - 0x00007ffdf0d7e000 	C:\WINDOWS\System32\KERNEL32.DLL
0x00007ffdeeda0000 - 0x00007ffdef068000 	C:\WINDOWS\System32\KERNELBASE.dll
0x00007ffdeff50000 - 0x00007ffdefffe000 	C:\WINDOWS\System32\ADVAPI32.dll
0x00007ffdf0bc0000 - 0x00007ffdf0c5e000 	C:\WINDOWS\System32\msvcrt.dll
0x00007ffdf0b20000 - 0x00007ffdf0bbc000 	C:\WINDOWS\System32\sechost.dll
0x00007ffdef1c0000 - 0x00007ffdef2e5000 	C:\WINDOWS\System32\RPCRT4.dll
0x00007ffdef650000 - 0x00007ffdef7f0000 	C:\WINDOWS\System32\USER32.dll
0x00007ffdeeb00000 - 0x00007ffdeeb22000 	C:\WINDOWS\System32\win32u.dll
0x00007ffdf09a0000 - 0x00007ffdf09cb000 	C:\WINDOWS\System32\GDI32.dll
0x00007ffdeec90000 - 0x00007ffdeed9d000 	C:\WINDOWS\System32\gdi32full.dll
0x00007ffdef070000 - 0x00007ffdef10d000 	C:\WINDOWS\System32\msvcp_win.dll
0x00007ffdee960000 - 0x00007ffdeea60000 	C:\WINDOWS\System32\ucrtbase.dll
0x00007ffdda110000 - 0x00007ffdda3aa000 	C:\WINDOWS\WinSxS\amd64_microsoft.windows.common-controls_6595b64144ccf1df_6.0.19041.1110_none_60b5254171f9507e\COMCTL32.dll
0x00007ffdf10f0000 - 0x00007ffdf1120000 	C:\WINDOWS\System32\IMM32.DLL
0x00007ffde9040000 - 0x00007ffde9055000 	D:\Program Files\Java\jdk1.8.0_291\jre\bin\vcruntime140.dll
0x00007ffde6680000 - 0x00007ffde671b000 	D:\Program Files\Java\jdk1.8.0_291\jre\bin\msvcp140.dll
0x00000000588d0000 - 0x0000000059130000 	D:\Program Files\Java\jdk1.8.0_291\jre\bin\server\jvm.dll
0x00007ffdf0fb0000 - 0x00007ffdf0fb8000 	C:\WINDOWS\System32\PSAPI.DLL
0x00007ffdea150000 - 0x00007ffdea177000 	C:\WINDOWS\SYSTEM32\WINMM.dll
0x00007ffde8b40000 - 0x00007ffde8b49000 	C:\WINDOWS\SYSTEM32\WSOCK32.dll
0x00007ffde7f30000 - 0x00007ffde7f3a000 	C:\WINDOWS\SYSTEM32\VERSION.dll
0x00007ffdf0f40000 - 0x00007ffdf0fab000 	C:\WINDOWS\System32\WS2_32.dll
0x00007ffded150000 - 0x00007ffded162000 	C:\WINDOWS\SYSTEM32\kernel.appcore.dll
0x00007ffde8a90000 - 0x00007ffde8aa0000 	D:\Program Files\Java\jdk1.8.0_291\jre\bin\verify.dll
0x00007ffde8a60000 - 0x00007ffde8a8b000 	D:\Program Files\Java\jdk1.8.0_291\jre\bin\java.dll
0x00007ffde10d0000 - 0x00007ffde1100000 	D:\Program Files\Java\jdk1.8.0_291\jre\bin\instrument.dll
0x00007ffde1100000 - 0x00007ffde1118000 	D:\Program Files\Java\jdk1.8.0_291\jre\bin\zip.dll
0x00007ffdec670000 - 0x00007ffdec854000 	C:\WINDOWS\SYSTEM32\dbghelp.dll
0x00007ffdee880000 - 0x00007ffdee902000 	C:\WINDOWS\System32\bcryptPrimitives.dll

VM Arguments:
jvm_args: -XX:TieredStopAtLevel=1 -Xverify:none -Dspring.output.ansi.enabled=always -Dcom.sun.management.jmxremote -Dspring.jmx.enabled=true -Dspring.liveBeansView.mbeanDomain -Dspring.application.admin.enabled=true -javaagent:D:\Program Files\JetBrains\IntelliJ IDEA 2020.1\lib\idea_rt.jar=54100:D:\Program Files\JetBrains\IntelliJ IDEA 2020.1\bin -Dfile.encoding=UTF-8 
java_command: com.xian.yong.YongApplication
java_class_path (initial): D:\Program Files\Java\jdk1.8.0_291\jre\lib\charsets.jar;D:\Program Files\Java\jdk1.8.0_291\jre\lib\deploy.jar;D:\Program Files\Java\jdk1.8.0_291\jre\lib\ext\access-bridge-64.jar;D:\Program Files\Java\jdk1.8.0_291\jre\lib\ext\cldrdata.jar;D:\Program Files\Java\jdk1.8.0_291\jre\lib\ext\dnsns.jar;D:\Program Files\Java\jdk1.8.0_291\jre\lib\ext\jaccess.jar;D:\Program Files\Java\jdk1.8.0_291\jre\lib\ext\jfxrt.jar;D:\Program Files\Java\jdk1.8.0_291\jre\lib\ext\localedata.jar;D:\Program Files\Java\jdk1.8.0_291\jre\lib\ext\nashorn.jar;D:\Program Files\Java\jdk1.8.0_291\jre\lib\ext\sunec.jar;D:\Program Files\Java\jdk1.8.0_291\jre\lib\ext\sunjce_provider.jar;D:\Program Files\Java\jdk1.8.0_291\jre\lib\ext\sunmscapi.jar;D:\Program Files\Java\jdk1.8.0_291\jre\lib\ext\sunpkcs11.jar;D:\Program Files\Java\jdk1.8.0_291\jre\lib\ext\zipfs.jar;D:\Program Files\Java\jdk1.8.0_291\jre\lib\javaws.jar;D:\Program Files\Java\jdk1.8.0_291\jre\lib\jce.jar;D:\Program Files\Java\jdk1.8.0_291\jre\lib\jfr.jar;D:\Program Files\Java\jdk1.8.0_291\jre\lib\jfxswt.jar;D:\Program Files\Java\jdk1.8.0_291\jre\lib\jsse.jar;D:\Program Files\Java\jdk1.8.0_291\jre\lib\management-agent.jar;D:\Program Files\Java\jdk1.8.0_291\jre\lib\plugin.jar;D:\Program Files\Java\jdk1.8.0_291\jre\lib\resources.jar;D:\Program Files\Java\jdk1.8.0_291\jre\lib\rt.jar;D:\spring-yong\target\classes;C:\Users\1\.m2\repository\org\springframework\boot\spring-boot-starter-web\2.3.7.RELEASE\spring-boot-starter-web-2.3.7.RELEASE.jar;C:\Users\1\.m2\repository\org\springframework\boot\spring-boot-starter\2.3.7.RELEASE\spring-boot-starter-2.3.7.RELEASE.jar;C:\Users\1\.m2\repository\org\springframework\boot\spring-boot\2.3.7.RELEASE\spring-boot-2.3.7.RELEASE.jar;C:\Users\1\.m2\repository\org\springframework\boot\spring-boot-starter-logging\2.3.7.RELEASE\spring-boot-starter-logging-2.3.7.RELEASE.jar;C:\Users\1\.m2\repository\ch\qos\logback\logback-classic\1.2.3\logback-classic-1.2.3.jar;C:\Users\1\.m2\repository\ch\q
Launcher Type: SUN_STANDARD

Environment Variables:
JAVA_HOME=D:\Program Files\Java\jdk1.8.0_291
PATH=C:\Program Files (x86)\Common Files\Oracle\Java\javapath;C:\WINDOWS\system32;C:\WINDOWS;C:\WINDOWS\System32\Wbem;C:\WINDOWS\System32\WindowsPowerShell\v1.0\;D:\Program Files\Git\cmd;C:\Program Files\TortoiseGit\bin;C:\WINDOWS\System32\OpenSSH\;D:\Program Files\nodejs\;C:\Program Files\MySQL\MySQL Server 8.0\bin;%JAVA_HOME%\bin;%JAVA_HOME%\lib\tools.jar;D:\Maven\apache-maven-3.8.4-bin\apache-maven-3.8.4\bin;D:\Program Files (x86)\Tencent\微信web开发者工具\dll;C:\Program Files\MySQL\MySQL Shell 8.0\bin\;C:\Users\1\AppData\Local\Microsoft\WindowsApps;;D:\Program Files\JetBrains\IntelliJ IDEA 2020.1\bin;;D:\Microsoft VS Code\bin;C:\Users\1\AppData\Roaming\npm
USERNAME=1
OS=Windows_NT
PROCESSOR_IDENTIFIER=Intel64 Family 6 Model 142 Stepping 10, GenuineIntel



---------------  S Y S T E M  ---------------

OS: Windows 10.0 , 64 bit Build 19041 (10.0.19041.1503)

CPU:total 8 (initial active 8) (4 cores per cpu, 2 threads per core) family 6 model 142 stepping 10, cmov, cx8, fxsr, mmx, sse, sse2, sse3, ssse3, sse4.1, sse4.2, popcnt, avx, avx2, aes, clmul, erms, 3dnowpref, lzcnt, ht, tsc, tscinvbit, bmi1, bmi2, adx

Memory: 4k page, physical 8272660k(862868k free), swap 23747744k(5212k free)

vm_info: Java HotSpot(TM) 64-Bit Server VM (25.291-b10) for windows-amd64 JRE (1.8.0_291-b10), built on Apr  9 2021 00:02:00 by "java_re" with MS VC++ 15.9 (VS2017)

time: Sun Mar  6 13:46:52 2022
timezone: 中国标准时间
elapsed time: 0.191121 seconds (0d 0h 0m 0s)

